main.cpp:5:  Include the directory when naming header files  [build/include_subdir] [4]
main.cpp:6:  Found C++ system header after other header. Should be: main.h, c system, c++ system, other.  [build/include_order] [4]
main.cpp:7:  Found C++ system header after other header. Should be: main.h, c system, c++ system, other.  [build/include_order] [4]
main.cpp:8:  Found C++ system header after other header. Should be: main.h, c system, c++ system, other.  [build/include_order] [4]
main.cpp:9:  Include the directory when naming header files  [build/include_subdir] [4]
main.cpp:73:  Missing space after ,  [whitespace/comma] [3]
main.cpp:83:  Lines should be <= 80 characters long  [whitespace/line_length] [2]
main.cpp:108:  Missing spaces around ||  [whitespace/operators] [3]
main.cpp:109:  Lines should be <= 80 characters long  [whitespace/line_length] [2]
main.cpp:122:  Lines should be <= 80 characters long  [whitespace/line_length] [2]
main.cpp:152:  { should almost always be at the end of the previous line  [whitespace/braces] [4]
main.cpp:158:  Should have a space between // and comment  [whitespace/comments] [4]
main.cpp:160:  { should almost always be at the end of the previous line  [whitespace/braces] [4]
main.cpp:164:  { should almost always be at the end of the previous line  [whitespace/braces] [4]
main.cpp:166:  Missing space after ,  [whitespace/comma] [3]
main.cpp:167:  Missing space after ,  [whitespace/comma] [3]
main.cpp:170:  { should almost always be at the end of the previous line  [whitespace/braces] [4]
main.cpp:178:  { should almost always be at the end of the previous line  [whitespace/braces] [4]
main.cpp:180:  Line ends in whitespace.  Consider deleting these extra spaces.  [whitespace/end_of_line] [4]
main.cpp:186:  Tab found; better to use spaces  [whitespace/tab] [1]
main.cpp:11:  Line contains invalid UTF-8 (or Unicode replacement character).  [readability/utf8] [5]
main.cpp:158:  Line contains invalid UTF-8 (or Unicode replacement character).  [readability/utf8] [5]
main.cpp:187:  Could not find a newline character at the end of the file.  [whitespace/ending_newline] [5]
