main.cpp:0:  No copyright message found.  You should have a line: "Copyright [year] <Copyright Owner>"  [legal/copyright] [5]
main.cpp:2:  Include the directory when naming header files  [build/include_subdir] [4]
main.cpp:3:  Found C++ system header after other header. Should be: main.h, c system, c++ system, other.  [build/include_order] [4]
main.cpp:4:  Found C++ system header after other header. Should be: main.h, c system, c++ system, other.  [build/include_order] [4]
main.cpp:5:  Found C++ system header after other header. Should be: main.h, c system, c++ system, other.  [build/include_order] [4]
main.cpp:6:  Include the directory when naming header files  [build/include_subdir] [4]
main.cpp:17:  Lines should be <= 80 characters long  [whitespace/line_length] [2]
main.cpp:40:  Lines should be <= 80 characters long  [whitespace/line_length] [2]
main.cpp:46:  Lines should be <= 80 characters long  [whitespace/line_length] [2]
main.cpp:47:  Lines should be <= 80 characters long  [whitespace/line_length] [2]
main.cpp:48:  Lines should be <= 80 characters long  [whitespace/line_length] [2]
main.cpp:49:  Lines should be <= 80 characters long  [whitespace/line_length] [2]
main.cpp:50:  Lines should be <= 80 characters long  [whitespace/line_length] [2]
main.cpp:51:  Lines should be <= 80 characters long  [whitespace/line_length] [2]
main.cpp:62:  Missing space after ,  [whitespace/comma] [3]
main.cpp:72:  Lines should be <= 80 characters long  [whitespace/line_length] [2]
main.cpp:97:  Missing spaces around ||  [whitespace/operators] [3]
main.cpp:98:  Lines should be <= 80 characters long  [whitespace/line_length] [2]
main.cpp:111:  Lines should be <= 80 characters long  [whitespace/line_length] [2]
main.cpp:141:  { should almost always be at the end of the previous line  [whitespace/braces] [4]
main.cpp:147:  Should have a space between // and comment  [whitespace/comments] [4]
main.cpp:149:  { should almost always be at the end of the previous line  [whitespace/braces] [4]
main.cpp:153:  { should almost always be at the end of the previous line  [whitespace/braces] [4]
main.cpp:155:  Missing space after ,  [whitespace/comma] [3]
main.cpp:156:  Missing space after ,  [whitespace/comma] [3]
main.cpp:159:  { should almost always be at the end of the previous line  [whitespace/braces] [4]
main.cpp:167:  { should almost always be at the end of the previous line  [whitespace/braces] [4]
main.cpp:169:  Line ends in whitespace.  Consider deleting these extra spaces.  [whitespace/end_of_line] [4]
main.cpp:175:  Tab found; better to use spaces  [whitespace/tab] [1]
main.cpp:8:  Line contains invalid UTF-8 (or Unicode replacement character).  [readability/utf8] [5]
main.cpp:147:  Line contains invalid UTF-8 (or Unicode replacement character).  [readability/utf8] [5]
main.cpp:176:  Could not find a newline character at the end of the file.  [whitespace/ending_newline] [5]
