sudoku.cpp:4:  Include the directory when naming header files  [build/include_subdir] [4]
sudoku.cpp:11:  Missing space after ,  [whitespace/comma] [3]
sudoku.cpp:12:  Line ends in whitespace.  Consider deleting these extra spaces.  [whitespace/end_of_line] [4]
sudoku.cpp:13:  { should almost always be at the end of the previous line  [whitespace/braces] [4]
sudoku.cpp:38:  Lines should be <= 80 characters long  [whitespace/line_length] [2]
sudoku.cpp:38:  Missing space after ,  [whitespace/comma] [3]
sudoku.cpp:38:  Is this a non-const reference? If so, make const or use a pointer: int& row  [runtime/references] [2]
sudoku.cpp:38:  Is this a non-const reference? If so, make const or use a pointer: int& col  [runtime/references] [2]
sudoku.cpp:58:  Should have a space between // and comment  [whitespace/comments] [4]
sudoku.cpp:59:  Missing space after ,  [whitespace/comma] [3]
sudoku.cpp:80:  Line ends in whitespace.  Consider deleting these extra spaces.  [whitespace/end_of_line] [4]
sudoku.cpp:81:  { should almost always be at the end of the previous line  [whitespace/braces] [4]
sudoku.cpp:88:  Lines should be <= 80 characters long  [whitespace/line_length] [2]
sudoku.cpp:89:  Should have a space between // and comment  [whitespace/comments] [4]
sudoku.cpp:91:  Should have a space between // and comment  [whitespace/comments] [4]
sudoku.cpp:96:  Should have a space between // and comment  [whitespace/comments] [4]
sudoku.cpp:98:  Missing space after ,  [whitespace/comma] [3]
sudoku.cpp:109:  Should have a space between // and comment  [whitespace/comments] [4]
sudoku.cpp:111:  Line ends in whitespace.  Consider deleting these extra spaces.  [whitespace/end_of_line] [4]
sudoku.cpp:111:  Redundant blank line at the start of a code block should be deleted.  [whitespace/blank_line] [2]
sudoku.cpp:149:  Consider using rand_r(...) instead of rand(...) for improved thread safety.  [runtime/threadsafe_fn] [2]
sudoku.cpp:150:  Consider using rand_r(...) instead of rand(...) for improved thread safety.  [runtime/threadsafe_fn] [2]
sudoku.cpp:157:  Line ends in whitespace.  Consider deleting these extra spaces.  [whitespace/end_of_line] [4]
sudoku.cpp:163:  Lines should be <= 80 characters long  [whitespace/line_length] [2]
sudoku.cpp:164:  Should have a space between // and comment  [whitespace/comments] [4]
sudoku.cpp:167:  An else should appear on the same line as the preceding }  [whitespace/newline] [4]
sudoku.cpp:167:  If an else has a brace on one side, it should have it on both  [readability/braces] [5]
sudoku.cpp:168:  Line ends in whitespace.  Consider deleting these extra spaces.  [whitespace/end_of_line] [4]
sudoku.cpp:169:  Should have a space between // and comment  [whitespace/comments] [4]
sudoku.cpp:176:  Missing space after ,  [whitespace/comma] [3]
sudoku.cpp:178:  Lines should be <= 80 characters long  [whitespace/line_length] [2]
sudoku.cpp:188:  An else should appear on the same line as the preceding }  [whitespace/newline] [4]
sudoku.cpp:188:  If an else has a brace on one side, it should have it on both  [readability/braces] [5]
sudoku.cpp:197:  Lines should be <= 80 characters long  [whitespace/line_length] [2]
sudoku.cpp:197:  Missing spaces around >>  [whitespace/operators] [3]
sudoku.cpp:197:  Missing space after ,  [whitespace/comma] [3]
sudoku.cpp:198:  Missing space after ,  [whitespace/comma] [3]
sudoku.cpp:200:  Lines should be <= 80 characters long  [whitespace/line_length] [2]
sudoku.cpp:217:  { should almost always be at the end of the previous line  [whitespace/braces] [4]
sudoku.cpp:221:  Lines should be <= 80 characters long  [whitespace/line_length] [2]
sudoku.cpp:242:  An else should appear on the same line as the preceding }  [whitespace/newline] [4]
sudoku.cpp:242:  If an else has a brace on one side, it should have it on both  [readability/braces] [5]
sudoku.cpp:246:  Line ends in whitespace.  Consider deleting these extra spaces.  [whitespace/end_of_line] [4]
sudoku.cpp:248:  An else should appear on the same line as the preceding }  [whitespace/newline] [4]
sudoku.cpp:248:  If an else has a brace on one side, it should have it on both  [readability/braces] [5]
sudoku.cpp:249:  Lines should be <= 80 characters long  [whitespace/line_length] [2]
sudoku.cpp:254:  Lines should be <= 80 characters long  [whitespace/line_length] [2]
sudoku.cpp:263:  An else should appear on the same line as the preceding }  [whitespace/newline] [4]
sudoku.cpp:263:  If an else has a brace on one side, it should have it on both  [readability/braces] [5]
sudoku.cpp:269:  Should have a space between // and comment  [whitespace/comments] [4]
sudoku.cpp:272:  Should have a space between // and comment  [whitespace/comments] [4]
sudoku.cpp:276:  Could not find a newline character at the end of the file.  [whitespace/ending_newline] [5]
